2023-06-28 19:54:20.681 [restartedMain] WARN  com.netflix.config.sources.URLConfigurationSource - No URLs will be polled as dynamic configuration sources.
2023-06-28 19:54:20.689 [restartedMain] WARN  com.netflix.config.sources.URLConfigurationSource - No URLs will be polled as dynamic configuration sources.
2023-06-28 19:56:15.369 [restartedMain] WARN  com.netflix.config.sources.URLConfigurationSource - No URLs will be polled as dynamic configuration sources.
2023-06-28 19:56:15.374 [restartedMain] WARN  com.netflix.config.sources.URLConfigurationSource - No URLs will be polled as dynamic configuration sources.
2023-06-28 20:01:40.409 [http-nio-8201-exec-1] WARN  o.s.w.s.m.m.a.ExceptionHandlerExceptionResolver - Resolved [java.lang.NullPointerException]
2023-06-28 20:04:12.627 [restartedMain] WARN  com.netflix.config.sources.URLConfigurationSource - No URLs will be polled as dynamic configuration sources.
2023-06-28 20:04:12.637 [restartedMain] WARN  com.netflix.config.sources.URLConfigurationSource - No URLs will be polled as dynamic configuration sources.
2023-06-28 20:07:31.096 [restartedMain] WARN  com.netflix.config.sources.URLConfigurationSource - No URLs will be polled as dynamic configuration sources.
2023-06-28 20:07:31.101 [restartedMain] WARN  com.netflix.config.sources.URLConfigurationSource - No URLs will be polled as dynamic configuration sources.
2023-06-28 20:09:02.906 [http-nio-8201-exec-1] WARN  o.s.w.s.m.m.a.ExceptionHandlerExceptionResolver - Resolved [org.springframework.http.converter.HttpMessageNotReadableException: Required request body is missing: public com.atguigu.yygh.commons.result.R com.atguigu.yygh.hospset.controller.HospSetController.save(com.atguigu.yygh.model.hosp.HospitalSet)]
2023-06-28 20:12:44.108 [http-nio-8201-exec-6] WARN  o.s.w.s.m.m.a.ExceptionHandlerExceptionResolver - Resolved [org.springframework.http.converter.HttpMessageNotReadableException: Required request body is missing: public com.atguigu.yygh.commons.result.R com.atguigu.yygh.hospset.controller.HospSetController.save(com.atguigu.yygh.model.hosp.HospitalSet)]
2023-06-28 20:14:35.508 [restartedMain] WARN  com.netflix.config.sources.URLConfigurationSource - No URLs will be polled as dynamic configuration sources.
2023-06-28 20:14:35.513 [restartedMain] WARN  com.netflix.config.sources.URLConfigurationSource - No URLs will be polled as dynamic configuration sources.
2023-06-28 20:15:03.210 [http-nio-8201-exec-6] WARN  c.a.yygh.commons.exchandler.GlobalExceptionHandler - 测试WARN级别日志输出
2023-06-28 20:15:03.219 [http-nio-8201-exec-6] WARN  o.s.w.s.m.m.a.ExceptionHandlerExceptionResolver - Resolved [NullValueException(code=40001, msg=自定义异常:医院设置为空值)]
2023-06-28 20:16:10.596 [http-nio-8201-exec-8] WARN  o.s.w.s.m.m.a.ExceptionHandlerExceptionResolver - Resolved [org.springframework.http.converter.HttpMessageNotReadableException: JSON parse error: Cannot deserialize value of type `java.util.Date` from String "2023-06-28T12:14:45.995Z": expected format "yyyy-MM-dd HH:mm:ss"; nested exception is com.fasterxml.jackson.databind.exc.InvalidFormatException: Cannot deserialize value of type `java.util.Date` from String "2023-06-28T12:14:45.995Z": expected format "yyyy-MM-dd HH:mm:ss"
 at [Source: (PushbackInputStream); line: 5, column: 17] (through reference chain: com.atguigu.yygh.model.hosp.HospitalSet["createTime"])]
2023-06-28 20:20:26.344 [http-nio-8201-exec-1] WARN  o.s.w.s.m.m.a.ExceptionHandlerExceptionResolver - Resolved [org.springframework.http.converter.HttpMessageNotReadableException: Required request body is missing: public com.atguigu.yygh.commons.result.R com.atguigu.yygh.hospset.controller.HospSetController.findPage(java.lang.Integer,java.lang.Integer,com.atguigu.yygh.vo.hosp.HospitalSetQueryVo)]
2023-06-28 20:20:39.826 [http-nio-8201-exec-5] WARN  o.s.w.s.m.m.a.ExceptionHandlerExceptionResolver - Resolved [org.springframework.http.converter.HttpMessageNotReadableException: Required request body is missing: public com.atguigu.yygh.commons.result.R com.atguigu.yygh.hospset.controller.HospSetController.findPage(java.lang.Integer,java.lang.Integer,com.atguigu.yygh.vo.hosp.HospitalSetQueryVo)]
2023-06-28 20:21:59.827 [http-nio-8201-exec-9] WARN  o.s.w.s.m.m.a.ExceptionHandlerExceptionResolver - Resolved [org.springframework.http.converter.HttpMessageNotReadableException: Required request body is missing: public com.atguigu.yygh.commons.result.R com.atguigu.yygh.hospset.controller.HospSetController.findPage(java.lang.Integer,java.lang.Integer,com.atguigu.yygh.vo.hosp.HospitalSetQueryVo)]
2023-06-28 20:23:37.810 [http-nio-8201-exec-4] WARN  o.s.w.s.m.m.a.ExceptionHandlerExceptionResolver - Resolved [org.springframework.http.converter.HttpMessageNotReadableException: Required request body is missing: public com.atguigu.yygh.commons.result.R com.atguigu.yygh.hospset.controller.HospSetController.findPage(java.lang.Integer,java.lang.Integer,com.atguigu.yygh.vo.hosp.HospitalSetQueryVo)]
2023-06-28 20:25:16.916 [http-nio-8201-exec-7] WARN  o.s.w.s.m.m.a.ExceptionHandlerExceptionResolver - Resolved [org.springframework.http.converter.HttpMessageNotReadableException: Required request body is missing: public com.atguigu.yygh.commons.result.R com.atguigu.yygh.hospset.controller.HospSetController.findPage(java.lang.Integer,java.lang.Integer,com.atguigu.yygh.vo.hosp.HospitalSetQueryVo)]
2023-06-28 20:25:51.128 [restartedMain] WARN  com.netflix.config.sources.URLConfigurationSource - No URLs will be polled as dynamic configuration sources.
2023-06-28 20:25:51.133 [restartedMain] WARN  com.netflix.config.sources.URLConfigurationSource - No URLs will be polled as dynamic configuration sources.
2023-06-28 20:27:01.181 [http-nio-8201-exec-1] WARN  o.s.w.s.m.m.a.ExceptionHandlerExceptionResolver - Resolved [org.springframework.http.converter.HttpMessageNotReadableException: Required request body is missing: public com.atguigu.yygh.commons.result.R com.atguigu.yygh.hospset.controller.HospSetController.findPage(java.lang.Integer,java.lang.Integer,com.atguigu.yygh.vo.hosp.HospitalSetQueryVo)]
2023-06-28 20:28:14.415 [http-nio-8201-exec-4] WARN  o.s.w.s.m.m.a.ExceptionHandlerExceptionResolver - Resolved [org.springframework.http.converter.HttpMessageNotReadableException: Required request body is missing: public com.atguigu.yygh.commons.result.R com.atguigu.yygh.hospset.controller.HospSetController.findPage(java.lang.Integer,java.lang.Integer,com.atguigu.yygh.vo.hosp.HospitalSetQueryVo)]
2023-06-28 20:29:04.874 [http-nio-8201-exec-6] WARN  o.s.w.s.m.m.a.ExceptionHandlerExceptionResolver - Resolved [org.springframework.http.converter.HttpMessageNotReadableException: Required request body is missing: public com.atguigu.yygh.commons.result.R com.atguigu.yygh.hospset.controller.HospSetController.findPage(java.lang.Integer,java.lang.Integer,com.atguigu.yygh.vo.hosp.HospitalSetQueryVo)]
2023-06-28 20:32:13.812 [http-nio-8201-exec-10] WARN  o.s.w.s.m.m.a.ExceptionHandlerExceptionResolver - Resolved [org.springframework.http.converter.HttpMessageNotReadableException: Required request body is missing: public com.atguigu.yygh.commons.result.R com.atguigu.yygh.hospset.controller.HospSetController.findPage(java.lang.Integer,java.lang.Integer,com.atguigu.yygh.vo.hosp.HospitalSetQueryVo)]
2023-06-28 20:35:32.142 [http-nio-8201-exec-8] WARN  o.s.w.s.m.m.a.ExceptionHandlerExceptionResolver - Resolved [org.springframework.http.converter.HttpMessageNotReadableException: Required request body is missing: public com.atguigu.yygh.commons.result.R com.atguigu.yygh.hospset.controller.HospSetController.findPage(java.lang.Integer,java.lang.Integer,com.atguigu.yygh.vo.hosp.HospitalSetQueryVo)]
2023-06-28 20:40:10.757 [restartedMain] WARN  com.netflix.config.sources.URLConfigurationSource - No URLs will be polled as dynamic configuration sources.
2023-06-28 20:40:10.763 [restartedMain] WARN  com.netflix.config.sources.URLConfigurationSource - No URLs will be polled as dynamic configuration sources.
2023-06-28 20:40:40.147 [http-nio-8201-exec-7] WARN  o.s.w.s.m.m.a.ExceptionHandlerExceptionResolver - Resolved [org.springframework.http.converter.HttpMessageNotReadableException: Required request body is missing: public com.atguigu.yygh.commons.result.R com.atguigu.yygh.hospset.controller.HospSetController.findPage(java.lang.Integer,java.lang.Integer,com.atguigu.yygh.vo.hosp.HospitalSetQueryVo)]
2023-06-28 20:45:26.317 [restartedMain] WARN  com.netflix.config.sources.URLConfigurationSource - No URLs will be polled as dynamic configuration sources.
2023-06-28 20:45:26.323 [restartedMain] WARN  com.netflix.config.sources.URLConfigurationSource - No URLs will be polled as dynamic configuration sources.
